This file contains any messages produced by compilers while
running configure, to aid debugging if configure makes a mistake.

It was created by meego-panel-devices configure 0.2.9, which was
generated by GNU Autoconf 2.69.  Invocation command line was

  $ ./configure 

## --------- ##
## Platform. ##
## --------- ##

hostname = dev
uname -m = x86_64
uname -r = 3.7.10-gentoo
uname -s = Linux
uname -v = #1 SMP PREEMPT Fri Apr 5 04:39:52 KRAT 2013

/usr/bin/uname -p = AMD Athlon(tm) II X2 215 Processor
/bin/uname -X     = unknown

/bin/arch              = unknown
/usr/bin/arch -k       = unknown
/usr/convex/getsysinfo = unknown
/usr/bin/hostinfo      = unknown
/bin/machine           = unknown
/usr/bin/oslevel       = unknown
/bin/universe          = unknown

PATH: /usr/local/bin
PATH: /usr/bin
PATH: /bin
PATH: /opt/bin
PATH: /usr/x86_64-pc-linux-gnu/gcc-bin/4.6.3
PATH: /usr/x86_64-pc-linux-gnu/i486-pc-linux-gnu/gcc-bin/4.7.2
PATH: /usr/x86_64-pc-linux-gnu/i686-pc-linux-gnu/gcc-bin/4.7.2
PATH: /usr/x86_64-pc-linux-gnu/i686-pc-mingw32/gcc-bin/4.7.2
PATH: /usr/lib64/opencascade-6.5/ros/lin/bin
PATH: /opt/sun-jdk-1.6.0.19/
PATH: /opt/nvidia-cg-toolkit/bin
PATH: /usr/games/bin
PATH: /usr/brlcad/bin
PATH: /var/qmail/bin


## ----------- ##
## Core tests. ##
## ----------- ##

configure:2429: checking for a BSD-compatible install
configure:2497: result: /usr/bin/install -c
configure:2508: checking whether build environment is sane
configure:2558: result: yes
configure:2699: checking for a thread-safe mkdir -p
configure:2738: result: /bin/mkdir -p
configure:2751: checking for gawk
configure:2767: found /usr/bin/gawk
configure:2778: result: gawk
configure:2789: checking whether make sets $(MAKE)
configure:2811: result: yes
configure:2895: checking whether make supports nested variables
configure:2912: result: yes
configure:2928: checking build system type
configure:2942: result: x86_64-unknown-linux-gnu
configure:2962: checking host system type
configure:2975: result: x86_64-unknown-linux-gnu
configure:2996: checking whether NLS is requested
configure:3005: result: yes
configure:3021: checking for style of include used by make
configure:3049: result: GNU
configure:3120: checking for gcc
configure:3136: found /usr/bin/gcc
configure:3147: result: gcc
configure:3376: checking for C compiler version
configure:3385: gcc --version >&5
gcc (Gentoo 4.6.3 p1.11, pie-0.5.2) 4.6.3
Copyright (C) 2011 Free Software Foundation, Inc.
This is free software; see the source for copying conditions.  There is NO
warranty; not even for MERCHANTABILITY or FITNESS FOR A PARTICULAR PURPOSE.

configure:3396: $? = 0
configure:3385: gcc -v >&5
Using built-in specs.
COLLECT_GCC=/usr/x86_64-pc-linux-gnu/gcc-bin/4.6.3/gcc
COLLECT_LTO_WRAPPER=/usr/libexec/gcc/x86_64-pc-linux-gnu/4.6.3/lto-wrapper
Target: x86_64-pc-linux-gnu
Configured with: /var/tmp/portage/sys-devel/gcc-4.6.3/work/gcc-4.6.3/configure --prefix=/usr --bindir=/usr/x86_64-pc-linux-gnu/gcc-bin/4.6.3 --includedir=/usr/lib/gcc/x86_64-pc-linux-gnu/4.6.3/include --datadir=/usr/share/gcc-data/x86_64-pc-linux-gnu/4.6.3 --mandir=/usr/share/gcc-data/x86_64-pc-linux-gnu/4.6.3/man --infodir=/usr/share/gcc-data/x86_64-pc-linux-gnu/4.6.3/info --with-gxx-include-dir=/usr/lib/gcc/x86_64-pc-linux-gnu/4.6.3/include/g++-v4 --host=x86_64-pc-linux-gnu --build=x86_64-pc-linux-gnu --disable-altivec --disable-fixed-point --without-ppl --without-cloog --enable-lto --enable-nls --without-included-gettext --with-system-zlib --enable-obsolete --disable-werror --enable-secureplt --enable-multilib --enable-libmudflap --disable-libssp --enable-libgomp --with-python-dir=/share/gcc-data/x86_64-pc-linux-gnu/4.6.3/python --enable-checking=release --disable-libgcj --enable-libstdcxx-time --enable-objc-gc --enable-languages=c,c++,objc,obj-c++,fortran --enable-shared --enable-threads=posix --enable-__cxa_atexit --enable-clocale=gnu --enable-targets=all --with-bugurl=http://bugs.gentoo.org/ --with-pkgversion='Gentoo 4.6.3 p1.11, pie-0.5.2'
Thread model: posix
gcc version 4.6.3 (Gentoo 4.6.3 p1.11, pie-0.5.2) 
configure:3396: $? = 0
configure:3385: gcc -V >&5
gcc: error: unrecognized option '-V'
gcc: fatal error: no input files
compilation terminated.
configure:3396: $? = 1
configure:3385: gcc -qversion >&5
gcc: error: unrecognized option '-qversion'
gcc: fatal error: no input files
compilation terminated.
configure:3396: $? = 1
configure:3416: checking whether the C compiler works
configure:3438: gcc    conftest.c  >&5
configure:3442: $? = 0
configure:3490: result: yes
configure:3493: checking for C compiler default output file name
configure:3495: result: a.out
configure:3501: checking for suffix of executables
configure:3508: gcc -o conftest    conftest.c  >&5
configure:3512: $? = 0
configure:3534: result: 
configure:3556: checking whether we are cross compiling
configure:3564: gcc -o conftest    conftest.c  >&5
configure:3568: $? = 0
configure:3575: ./conftest
configure:3579: $? = 0
configure:3594: result: no
configure:3599: checking for suffix of object files
configure:3621: gcc -c   conftest.c >&5
configure:3625: $? = 0
configure:3646: result: o
configure:3650: checking whether we are using the GNU C compiler
configure:3669: gcc -c   conftest.c >&5
configure:3669: $? = 0
configure:3678: result: yes
configure:3687: checking whether gcc accepts -g
configure:3707: gcc -c -g  conftest.c >&5
configure:3707: $? = 0
configure:3748: result: yes
configure:3765: checking for gcc option to accept ISO C89
configure:3828: gcc  -c -g -O2  conftest.c >&5
configure:3828: $? = 0
configure:3841: result: none needed
configure:3863: checking dependency style of gcc
configure:3974: result: gcc3
configure:4001: checking for intltool >= 0.35.0
configure:4008: result: 0.50.2 found
configure:4016: checking for intltool-update
configure:4034: found /usr/bin/intltool-update
configure:4046: result: /usr/bin/intltool-update
configure:4056: checking for intltool-merge
configure:4074: found /usr/bin/intltool-merge
configure:4086: result: /usr/bin/intltool-merge
configure:4096: checking for intltool-extract
configure:4114: found /usr/bin/intltool-extract
configure:4126: result: /usr/bin/intltool-extract
configure:4257: checking for xgettext
configure:4275: found /usr/bin/xgettext
configure:4287: result: /usr/bin/xgettext
configure:4297: checking for msgmerge
configure:4315: found /usr/bin/msgmerge
configure:4327: result: /usr/bin/msgmerge
configure:4337: checking for msgfmt
configure:4355: found /usr/bin/msgfmt
configure:4367: result: /usr/bin/msgfmt
configure:4377: checking for gmsgfmt
configure:4395: found /usr/bin/gmsgfmt
configure:4408: result: /usr/bin/gmsgfmt
configure:4428: checking for perl
configure:4446: found /usr/bin/perl
configure:4458: result: /usr/bin/perl
configure:4469: checking for perl >= 5.8.1
configure:4476: result: 5.12.4
configure:4480: checking for XML::Parser
configure:4483: result: ok
configure:4508: gcc -o conftest -g -O2   conftest.c  >&5
configure:4508: $? = 0
configure:4547: checking how to run the C preprocessor
configure:4578: gcc -E  conftest.c
configure:4578: $? = 0
configure:4592: gcc -E  conftest.c
conftest.c:10:28: fatal error: ac_nonexistent.h: No such file or directory
compilation terminated.
configure:4592: $? = 1
configure: failed program was:
| /* confdefs.h */
| #define PACKAGE_NAME "meego-panel-devices"
| #define PACKAGE_TARNAME "meego-panel-devices"
| #define PACKAGE_VERSION "0.2.9"
| #define PACKAGE_STRING "meego-panel-devices 0.2.9"
| #define PACKAGE_BUGREPORT "http://bugzilla.meego.org"
| #define PACKAGE_URL ""
| #define GETTEXT_PACKAGE "meego-panel-devices"
| /* end confdefs.h.  */
| #include <ac_nonexistent.h>
configure:4617: result: gcc -E
configure:4637: gcc -E  conftest.c
configure:4637: $? = 0
configure:4651: gcc -E  conftest.c
conftest.c:10:28: fatal error: ac_nonexistent.h: No such file or directory
compilation terminated.
configure:4651: $? = 1
configure: failed program was:
| /* confdefs.h */
| #define PACKAGE_NAME "meego-panel-devices"
| #define PACKAGE_TARNAME "meego-panel-devices"
| #define PACKAGE_VERSION "0.2.9"
| #define PACKAGE_STRING "meego-panel-devices 0.2.9"
| #define PACKAGE_BUGREPORT "http://bugzilla.meego.org"
| #define PACKAGE_URL ""
| #define GETTEXT_PACKAGE "meego-panel-devices"
| /* end confdefs.h.  */
| #include <ac_nonexistent.h>
configure:4680: checking for grep that handles long lines and -e
configure:4738: result: /bin/grep
configure:4743: checking for egrep
configure:4805: result: /bin/grep -E
configure:4810: checking for ANSI C header files
configure:4830: gcc -c -g -O2  conftest.c >&5
configure:4830: $? = 0
configure:4903: gcc -o conftest -g -O2   conftest.c  >&5
configure:4903: $? = 0
configure:4903: ./conftest
configure:4903: $? = 0
configure:4914: result: yes
configure:4927: checking for sys/types.h
configure:4927: gcc -c -g -O2  conftest.c >&5
configure:4927: $? = 0
configure:4927: result: yes
configure:4927: checking for sys/stat.h
configure:4927: gcc -c -g -O2  conftest.c >&5
configure:4927: $? = 0
configure:4927: result: yes
configure:4927: checking for stdlib.h
configure:4927: gcc -c -g -O2  conftest.c >&5
configure:4927: $? = 0
configure:4927: result: yes
configure:4927: checking for string.h
configure:4927: gcc -c -g -O2  conftest.c >&5
configure:4927: $? = 0
configure:4927: result: yes
configure:4927: checking for memory.h
configure:4927: gcc -c -g -O2  conftest.c >&5
configure:4927: $? = 0
configure:4927: result: yes
configure:4927: checking for strings.h
configure:4927: gcc -c -g -O2  conftest.c >&5
configure:4927: $? = 0
configure:4927: result: yes
configure:4927: checking for inttypes.h
configure:4927: gcc -c -g -O2  conftest.c >&5
configure:4927: $? = 0
configure:4927: result: yes
configure:4927: checking for stdint.h
configure:4927: gcc -c -g -O2  conftest.c >&5
configure:4927: $? = 0
configure:4927: result: yes
configure:4927: checking for unistd.h
configure:4927: gcc -c -g -O2  conftest.c >&5
configure:4927: $? = 0
configure:4927: result: yes
configure:4942: checking locale.h usability
configure:4942: gcc -c -g -O2  conftest.c >&5
configure:4942: $? = 0
configure:4942: result: yes
configure:4942: checking locale.h presence
configure:4942: gcc -E  conftest.c
configure:4942: $? = 0
configure:4942: result: yes
configure:4942: checking for locale.h
configure:4942: result: yes
configure:4953: checking for LC_MESSAGES
configure:4969: gcc -o conftest -g -O2   conftest.c  >&5
configure:4969: $? = 0
configure:4977: result: yes
configure:4994: checking libintl.h usability
configure:4994: gcc -c -g -O2  conftest.c >&5
configure:4994: $? = 0
configure:4994: result: yes
configure:4994: checking libintl.h presence
configure:4994: gcc -E  conftest.c
configure:4994: $? = 0
configure:4994: result: yes
configure:4994: checking for libintl.h
configure:4994: result: yes
configure:5002: checking for ngettext in libc
configure:5020: gcc -o conftest -g -O2   conftest.c  >&5
configure:5020: $? = 0
configure:5029: result: yes
configure:5033: checking for dgettext in libc
configure:5051: gcc -o conftest -g -O2   conftest.c  >&5
configure:5051: $? = 0
configure:5060: result: yes
configure:5067: checking for bind_textdomain_codeset
configure:5067: gcc -o conftest -g -O2   conftest.c  >&5
configure:5067: $? = 0
configure:5067: result: yes
configure:5343: checking for msgfmt
configure:5370: result: /usr/bin/msgfmt
configure:5381: checking for dcgettext
configure:5381: gcc -o conftest -g -O2   conftest.c   >&5
conftest.c:47:6: warning: conflicting types for built-in function 'dcgettext' [enabled by default]
configure:5381: $? = 0
configure:5381: result: yes
configure:5391: checking if msgfmt accepts -c
configure:5406: $MSGFMT -c -o /dev/null conftest.foo
configure:5409: $? = 0
configure:5411: result: yes
configure:5421: checking for gmsgfmt
configure:5452: result: /usr/bin/gmsgfmt
configure:5462: checking for xgettext
configure:5489: result: /usr/bin/xgettext
configure:5508: gcc -o conftest -g -O2   conftest.c   >&5
configure:5508: $? = 0
configure:5759: checking for gcc
configure:5786: result: gcc
configure:6015: checking for C compiler version
configure:6024: gcc --version >&5
gcc (Gentoo 4.6.3 p1.11, pie-0.5.2) 4.6.3
Copyright (C) 2011 Free Software Foundation, Inc.
This is free software; see the source for copying conditions.  There is NO
warranty; not even for MERCHANTABILITY or FITNESS FOR A PARTICULAR PURPOSE.

configure:6035: $? = 0
configure:6024: gcc -v >&5
Using built-in specs.
COLLECT_GCC=/usr/x86_64-pc-linux-gnu/gcc-bin/4.6.3/gcc
COLLECT_LTO_WRAPPER=/usr/libexec/gcc/x86_64-pc-linux-gnu/4.6.3/lto-wrapper
Target: x86_64-pc-linux-gnu
Configured with: /var/tmp/portage/sys-devel/gcc-4.6.3/work/gcc-4.6.3/configure --prefix=/usr --bindir=/usr/x86_64-pc-linux-gnu/gcc-bin/4.6.3 --includedir=/usr/lib/gcc/x86_64-pc-linux-gnu/4.6.3/include --datadir=/usr/share/gcc-data/x86_64-pc-linux-gnu/4.6.3 --mandir=/usr/share/gcc-data/x86_64-pc-linux-gnu/4.6.3/man --infodir=/usr/share/gcc-data/x86_64-pc-linux-gnu/4.6.3/info --with-gxx-include-dir=/usr/lib/gcc/x86_64-pc-linux-gnu/4.6.3/include/g++-v4 --host=x86_64-pc-linux-gnu --build=x86_64-pc-linux-gnu --disable-altivec --disable-fixed-point --without-ppl --without-cloog --enable-lto --enable-nls --without-included-gettext --with-system-zlib --enable-obsolete --disable-werror --enable-secureplt --enable-multilib --enable-libmudflap --disable-libssp --enable-libgomp --with-python-dir=/share/gcc-data/x86_64-pc-linux-gnu/4.6.3/python --enable-checking=release --disable-libgcj --enable-libstdcxx-time --enable-objc-gc --enable-languages=c,c++,objc,obj-c++,fortran --enable-shared --enable-threads=posix --enable-__cxa_atexit --enable-clocale=gnu --enable-targets=all --with-bugurl=http://bugs.gentoo.org/ --with-pkgversion='Gentoo 4.6.3 p1.11, pie-0.5.2'
Thread model: posix
gcc version 4.6.3 (Gentoo 4.6.3 p1.11, pie-0.5.2) 
configure:6035: $? = 0
configure:6024: gcc -V >&5
gcc: error: unrecognized option '-V'
gcc: fatal error: no input files
compilation terminated.
configure:6035: $? = 1
configure:6024: gcc -qversion >&5
gcc: error: unrecognized option '-qversion'
gcc: fatal error: no input files
compilation terminated.
configure:6035: $? = 1
configure:6039: checking whether we are using the GNU C compiler
configure:6067: result: yes
configure:6076: checking whether gcc accepts -g
configure:6137: result: yes
configure:6154: checking for gcc option to accept ISO C89
configure:6230: result: none needed
configure:6252: checking dependency style of gcc
configure:6363: result: gcc3
configure:6382: checking for gcc option to accept ISO C99
configure:6531: gcc  -c -g -O2  conftest.c >&5
conftest.c:76:29: error: expected ';', ',' or ')' before 'text'
conftest.c: In function 'main':
conftest.c:130:18: error: expected '=', ',', ';', 'asm' or '__attribute__' before 'newvar'
conftest.c:130:18: error: 'newvar' undeclared (first use in this function)
conftest.c:130:18: note: each undeclared identifier is reported only once for each function it appears in
conftest.c:140:3: error: 'for' loop initial declarations are only allowed in C99 mode
conftest.c:140:3: note: use option -std=c99 or -std=gnu99 to compile your code
configure:6531: $? = 1
configure: failed program was:
| /* confdefs.h */
| #define PACKAGE_NAME "meego-panel-devices"
| #define PACKAGE_TARNAME "meego-panel-devices"
| #define PACKAGE_VERSION "0.2.9"
| #define PACKAGE_STRING "meego-panel-devices 0.2.9"
| #define PACKAGE_BUGREPORT "http://bugzilla.meego.org"
| #define PACKAGE_URL ""
| #define GETTEXT_PACKAGE "meego-panel-devices"
| #define STDC_HEADERS 1
| #define HAVE_SYS_TYPES_H 1
| #define HAVE_SYS_STAT_H 1
| #define HAVE_STDLIB_H 1
| #define HAVE_STRING_H 1
| #define HAVE_MEMORY_H 1
| #define HAVE_STRINGS_H 1
| #define HAVE_INTTYPES_H 1
| #define HAVE_STDINT_H 1
| #define HAVE_UNISTD_H 1
| #define HAVE_LOCALE_H 1
| #define HAVE_LC_MESSAGES 1
| #define HAVE_BIND_TEXTDOMAIN_CODESET 1
| #define HAVE_GETTEXT 1
| #define HAVE_DCGETTEXT 1
| #define ENABLE_NLS 1
| /* end confdefs.h.  */
| #include <stdarg.h>
| #include <stdbool.h>
| #include <stdlib.h>
| #include <wchar.h>
| #include <stdio.h>
| 
| // Check varargs macros.  These examples are taken from C99 6.10.3.5.
| #define debug(...) fprintf (stderr, __VA_ARGS__)
| #define showlist(...) puts (#__VA_ARGS__)
| #define report(test,...) ((test) ? puts (#test) : printf (__VA_ARGS__))
| static void
| test_varargs_macros (void)
| {
|   int x = 1234;
|   int y = 5678;
|   debug ("Flag");
|   debug ("X = %d\n", x);
|   showlist (The first, second, and third items.);
|   report (x>y, "x is %d but y is %d", x, y);
| }
| 
| // Check long long types.
| #define BIG64 18446744073709551615ull
| #define BIG32 4294967295ul
| #define BIG_OK (BIG64 / BIG32 == 4294967297ull && BIG64 % BIG32 == 0)
| #if !BIG_OK
|   your preprocessor is broken;
| #endif
| #if BIG_OK
| #else
|   your preprocessor is broken;
| #endif
| static long long int bignum = -9223372036854775807LL;
| static unsigned long long int ubignum = BIG64;
| 
| struct incomplete_array
| {
|   int datasize;
|   double data[];
| };
| 
| struct named_init {
|   int number;
|   const wchar_t *name;
|   double average;
| };
| 
| typedef const char *ccp;
| 
| static inline int
| test_restrict (ccp restrict text)
| {
|   // See if C++-style comments work.
|   // Iterate through items via the restricted pointer.
|   // Also check for declarations in for loops.
|   for (unsigned int i = 0; *(text+i) != '\0'; ++i)
|     continue;
|   return 0;
| }
| 
| // Check varargs and va_copy.
| static void
| test_varargs (const char *format, ...)
| {
|   va_list args;
|   va_start (args, format);
|   va_list args_copy;
|   va_copy (args_copy, args);
| 
|   const char *str;
|   int number;
|   float fnumber;
| 
|   while (*format)
|     {
|       switch (*format++)
| 	{
| 	case 's': // string
| 	  str = va_arg (args_copy, const char *);
| 	  break;
| 	case 'd': // int
| 	  number = va_arg (args_copy, int);
| 	  break;
| 	case 'f': // float
| 	  fnumber = va_arg (args_copy, double);
| 	  break;
| 	default:
| 	  break;
| 	}
|     }
|   va_end (args_copy);
|   va_end (args);
| }
| 
| int
| main ()
| {
| 
|   // Check bool.
|   _Bool success = false;
| 
|   // Check restrict.
|   if (test_restrict ("String literal") == 0)
|     success = true;
|   char *restrict newvar = "Another string";
| 
|   // Check varargs.
|   test_varargs ("s, d' f .", "string", 65, 34.234);
|   test_varargs_macros ();
| 
|   // Check flexible array members.
|   struct incomplete_array *ia =
|     malloc (sizeof (struct incomplete_array) + (sizeof (double) * 10));
|   ia->datasize = 10;
|   for (int i = 0; i < ia->datasize; ++i)
|     ia->data[i] = i * 1.234;
| 
|   // Check named initializers.
|   struct named_init ni = {
|     .number = 34,
|     .name = L"Test wide string",
|     .average = 543.34343,
|   };
| 
|   ni.number = 58;
| 
|   int dynamic_array[ni.number];
|   dynamic_array[ni.number - 1] = 543;
| 
|   // work around unused variable warnings
|   return (!success || bignum == 0LL || ubignum == 0uLL || newvar[0] == 'x'
| 	  || dynamic_array[ni.number - 1] != 543);
| 
|   ;
|   return 0;
| }
configure:6531: gcc -std=gnu99 -c -g -O2  conftest.c >&5
configure:6531: $? = 0
configure:6551: result: -std=gnu99
configure:6652: checking for gcc -std=gnu99 option to accept ISO Standard C
configure:6666: result: -std=gnu99
configure:6717: checking how to print strings
configure:6744: result: printf
configure:6765: checking for a sed that does not truncate output
configure:6829: result: /bin/sed
configure:6847: checking for fgrep
configure:6909: result: /bin/grep -F
configure:6944: checking for ld used by gcc -std=gnu99
configure:7011: result: /usr/x86_64-pc-linux-gnu/bin/ld
configure:7018: checking if the linker (/usr/x86_64-pc-linux-gnu/bin/ld) is GNU ld
configure:7033: result: yes
configure:7045: checking for BSD- or MS-compatible name lister (nm)
configure:7094: result: /usr/bin/nm -B
configure:7224: checking the name lister (/usr/bin/nm -B) interface
configure:7231: gcc -std=gnu99 -c -g -O2  conftest.c >&5
configure:7234: /usr/bin/nm -B "conftest.o"
configure:7237: output
0000000000000000 B some_variable
configure:7244: result: BSD nm
configure:7247: checking whether ln -s works
configure:7251: result: yes
configure:7259: checking the maximum length of command line arguments
configure:7384: result: 1572864
configure:7401: checking whether the shell understands some XSI constructs
configure:7411: result: yes
configure:7415: checking whether the shell understands "+="
configure:7421: result: yes
configure:7456: checking for /usr/x86_64-pc-linux-gnu/bin/ld option to reload object files
configure:7463: result: -r
configure:7532: checking for objdump
configure:7548: found /usr/bin/objdump
configure:7559: result: objdump
configure:7591: checking how to recognize dependent libraries
configure:7793: result: pass_all
configure:7853: checking for ar
configure:7869: found /usr/bin/ar
configure:7880: result: ar
configure:7958: checking for strip
configure:7974: found /usr/bin/strip
configure:7985: result: strip
configure:8057: checking for ranlib
configure:8073: found /usr/bin/ranlib
configure:8084: result: ranlib
configure:8186: checking command to parse /usr/bin/nm -B output from gcc -std=gnu99 object
configure:8304: gcc -std=gnu99 -c -g -O2  conftest.c >&5
configure:8307: $? = 0
configure:8311: /usr/bin/nm -B conftest.o \| sed -n -e 's/^.*[ ]\([ABCDGIRSTW][ABCDGIRSTW]*\)[ ][ ]*\([_A-Za-z][_A-Za-z0-9]*\)$/\1 \2 \2/p' \> conftest.nm
configure:8314: $? = 0
configure:8368: gcc -std=gnu99 -o conftest -g -O2   conftest.c conftstm.o >&5
configure:8371: $? = 0
configure:8409: result: ok
configure:8504: gcc -std=gnu99 -c -g -O2  conftest.c >&5
configure:8507: $? = 0
configure:9246: checking for dlfcn.h
configure:9246: gcc -std=gnu99 -c -g -O2  conftest.c >&5
configure:9246: $? = 0
configure:9246: result: yes
configure:9433: checking for objdir
configure:9448: result: .libs
configure:9719: checking if gcc -std=gnu99 supports -fno-rtti -fno-exceptions
configure:9737: gcc -std=gnu99 -c -g -O2  -fno-rtti -fno-exceptions conftest.c >&5
cc1: warning: command line option '-fno-rtti' is valid for C++/ObjC++ but not for C [enabled by default]
configure:9741: $? = 0
configure:9754: result: no
configure:9774: checking for gcc -std=gnu99 option to produce PIC
configure:10059: result: -fPIC -DPIC
configure:10071: checking if gcc -std=gnu99 PIC flag -fPIC -DPIC works
configure:10089: gcc -std=gnu99 -c -g -O2  -fPIC -DPIC -DPIC conftest.c >&5
configure:10093: $? = 0
configure:10106: result: yes
configure:10130: checking if gcc -std=gnu99 static flag -static works
configure:10158: result: yes
configure:10173: checking if gcc -std=gnu99 supports -c -o file.o
configure:10194: gcc -std=gnu99 -c -g -O2  -o out/conftest2.o conftest.c >&5
configure:10198: $? = 0
configure:10220: result: yes
configure:10228: checking if gcc -std=gnu99 supports -c -o file.o
configure:10275: result: yes
configure:10308: checking whether the gcc -std=gnu99 linker (/usr/x86_64-pc-linux-gnu/bin/ld -m elf_x86_64) supports shared libraries
configure:11383: result: yes
configure:11420: checking whether -lc should be explicitly linked in
configure:11428: gcc -std=gnu99 -c -g -O2  conftest.c >&5
configure:11431: $? = 0
configure:11446: gcc -std=gnu99 -shared conftest.o  -v -Wl,-soname -Wl,conftest -o conftest 2\>\&1 \| /bin/grep  -lc  \>/dev/null 2\>\&1
configure:11449: $? = 0
configure:11463: result: no
configure:11628: checking dynamic linker characteristics
configure:12083: gcc -std=gnu99 -o conftest -g -O2   -Wl,-rpath -Wl,/foo conftest.c  >&5
configure:12083: $? = 0
configure:12309: result: GNU/Linux ld.so
configure:12416: checking how to hardcode library paths into programs
configure:12441: result: immediate
configure:12981: checking whether stripping libraries is possible
configure:12986: result: yes
configure:13021: checking if libtool supports shared libraries
configure:13023: result: yes
configure:13026: checking whether to build shared libraries
configure:13047: result: yes
configure:13050: checking whether to build static libraries
configure:13054: result: yes
configure:13089: checking for int64_t
configure:13089: gcc -std=gnu99 -c -g -O2  conftest.c >&5
configure:13089: $? = 0
configure:13089: gcc -std=gnu99 -c -g -O2  conftest.c >&5
conftest.c: In function 'main':
conftest.c:66:53: warning: integer overflow in expression [-Woverflow]
conftest.c:65:12: error: size of array 'test_array' is negative
conftest.c:65:12: error: storage size of 'test_array' isn't constant
configure:13089: $? = 1
configure: failed program was:
| /* confdefs.h */
| #define PACKAGE_NAME "meego-panel-devices"
| #define PACKAGE_TARNAME "meego-panel-devices"
| #define PACKAGE_VERSION "0.2.9"
| #define PACKAGE_STRING "meego-panel-devices 0.2.9"
| #define PACKAGE_BUGREPORT "http://bugzilla.meego.org"
| #define PACKAGE_URL ""
| #define GETTEXT_PACKAGE "meego-panel-devices"
| #define STDC_HEADERS 1
| #define HAVE_SYS_TYPES_H 1
| #define HAVE_SYS_STAT_H 1
| #define HAVE_STDLIB_H 1
| #define HAVE_STRING_H 1
| #define HAVE_MEMORY_H 1
| #define HAVE_STRINGS_H 1
| #define HAVE_INTTYPES_H 1
| #define HAVE_STDINT_H 1
| #define HAVE_UNISTD_H 1
| #define HAVE_LOCALE_H 1
| #define HAVE_LC_MESSAGES 1
| #define HAVE_BIND_TEXTDOMAIN_CODESET 1
| #define HAVE_GETTEXT 1
| #define HAVE_DCGETTEXT 1
| #define ENABLE_NLS 1
| #define HAVE_DLFCN_H 1
| #define LT_OBJDIR ".libs/"
| /* end confdefs.h.  */
| #include <stdio.h>
| #ifdef HAVE_SYS_TYPES_H
| # include <sys/types.h>
| #endif
| #ifdef HAVE_SYS_STAT_H
| # include <sys/stat.h>
| #endif
| #ifdef STDC_HEADERS
| # include <stdlib.h>
| # include <stddef.h>
| #else
| # ifdef HAVE_STDLIB_H
| #  include <stdlib.h>
| # endif
| #endif
| #ifdef HAVE_STRING_H
| # if !defined STDC_HEADERS && defined HAVE_MEMORY_H
| #  include <memory.h>
| # endif
| # include <string.h>
| #endif
| #ifdef HAVE_STRINGS_H
| # include <strings.h>
| #endif
| #ifdef HAVE_INTTYPES_H
| # include <inttypes.h>
| #endif
| #ifdef HAVE_STDINT_H
| # include <stdint.h>
| #endif
| #ifdef HAVE_UNISTD_H
| # include <unistd.h>
| #endif
| 	        enum { N = 64 / 2 - 1 };
| int
| main ()
| {
| static int test_array [1 - 2 * !((int64_t) (((((int64_t) 1 << N) << N) - 1) * 2 + 1)
| 		 < (int64_t) (((((int64_t) 1 << N) << N) - 1) * 2 + 2))];
| test_array [0] = 0;
| return test_array [0];
| 
|   ;
|   return 0;
| }
configure:13089: result: yes
configure:13101: checking whether gcc -std=gnu99 and cc understand -c and -o together
configure:13132: gcc -std=gnu99 -c conftest.c -o conftest2.o >&5
configure:13136: $? = 0
configure:13142: gcc -std=gnu99 -c conftest.c -o conftest2.o >&5
configure:13146: $? = 0
configure:13157: cc -c conftest.c >&5
configure:13161: $? = 0
configure:13169: cc -c conftest.c -o conftest2.o >&5
configure:13173: $? = 0
configure:13179: cc -c conftest.c -o conftest2.o >&5
configure:13183: $? = 0
configure:13201: result: yes
configure:13281: checking for pkg-config
configure:13299: found /usr/bin/pkg-config
configure:13311: result: /usr/bin/pkg-config
configure:13336: checking pkg-config is at least version 0.9.0
configure:13339: result: yes
configure:13348: checking for linguas
configure:13365: result: ar ast ca ca@valencia cs da de en_GB es fa fi fr gl hu id it ja ko nl pa pl pt pt_BR ru sk sv tr wa zh_CN zh_TW 
configure:13383: result: Using config source xml:merged:/etc/gconf/gconf.xml.defaults for schema installation
configure:13398: result: Using $(sysconfdir)/gconf/schemas as install directory for schema files
configure:13433: checking errno.h usability
configure:13433: gcc -std=gnu99 -c -g -O2  conftest.c >&5
configure:13433: $? = 0
configure:13433: result: yes
configure:13433: checking errno.h presence
configure:13433: gcc -E  conftest.c
configure:13433: $? = 0
configure:13433: result: yes
configure:13433: checking for errno.h
configure:13433: result: yes
configure:13433: checking execinfo.h usability
configure:13433: gcc -std=gnu99 -c -g -O2  conftest.c >&5
configure:13433: $? = 0
configure:13433: result: yes
configure:13433: checking execinfo.h presence
configure:13433: gcc -E  conftest.c
configure:13433: $? = 0
configure:13433: result: yes
configure:13433: checking for execinfo.h
configure:13433: result: yes
configure:13433: checking fcntl.h usability
configure:13433: gcc -std=gnu99 -c -g -O2  conftest.c >&5
configure:13433: $? = 0
configure:13433: result: yes
configure:13433: checking fcntl.h presence
configure:13433: gcc -E  conftest.c
configure:13433: $? = 0
configure:13433: result: yes
configure:13433: checking for fcntl.h
configure:13433: result: yes
configure:13433: checking signal.h usability
configure:13433: gcc -std=gnu99 -c -g -O2  conftest.c >&5
configure:13433: $? = 0
configure:13433: result: yes
configure:13433: checking signal.h presence
configure:13433: gcc -E  conftest.c
configure:13433: $? = 0
configure:13433: result: yes
configure:13433: checking for signal.h
configure:13433: result: yes
configure:13433: checking stdarg.h usability
configure:13433: gcc -std=gnu99 -c -g -O2  conftest.c >&5
configure:13433: $? = 0
configure:13433: result: yes
configure:13433: checking stdarg.h presence
configure:13433: gcc -E  conftest.c
configure:13433: $? = 0
configure:13433: result: yes
configure:13433: checking for stdarg.h
configure:13433: result: yes
configure:13433: checking stdbool.h usability
configure:13433: gcc -std=gnu99 -c -g -O2  conftest.c >&5
configure:13433: $? = 0
configure:13433: result: yes
configure:13433: checking stdbool.h presence
configure:13433: gcc -E  conftest.c
configure:13433: $? = 0
configure:13433: result: yes
configure:13433: checking for stdbool.h
configure:13433: result: yes
configure:13433: checking stdio.h usability
configure:13433: gcc -std=gnu99 -c -g -O2  conftest.c >&5
configure:13433: $? = 0
configure:13433: result: yes
configure:13433: checking stdio.h presence
configure:13433: gcc -E  conftest.c
configure:13433: $? = 0
configure:13433: result: yes
configure:13433: checking for stdio.h
configure:13433: result: yes
configure:13433: checking sys/ioctl.h usability
configure:13433: gcc -std=gnu99 -c -g -O2  conftest.c >&5
configure:13433: $? = 0
configure:13433: result: yes
configure:13433: checking sys/ioctl.h presence
configure:13433: gcc -E  conftest.c
configure:13433: $? = 0
configure:13433: result: yes
configure:13433: checking for sys/ioctl.h
configure:13433: result: yes
configure:13433: checking sys/statvfs.h usability
configure:13433: gcc -std=gnu99 -c -g -O2  conftest.c >&5
configure:13433: $? = 0
configure:13433: result: yes
configure:13433: checking sys/statvfs.h presence
configure:13433: gcc -E  conftest.c
configure:13433: $? = 0
configure:13433: result: yes
configure:13433: checking for sys/statvfs.h
configure:13433: result: yes
configure:13433: checking time.h usability
configure:13433: gcc -std=gnu99 -c -g -O2  conftest.c >&5
configure:13433: $? = 0
configure:13433: result: yes
configure:13433: checking time.h presence
configure:13433: gcc -E  conftest.c
configure:13433: $? = 0
configure:13433: result: yes
configure:13433: checking for time.h
configure:13433: result: yes
configure:13455: checking for GPM
configure:13462: $PKG_CONFIG --exists --print-errors "$gpm_deps"
configure:13465: $? = 0
configure:13479: $PKG_CONFIG --exists --print-errors "$gpm_deps"
configure:13482: $? = 0
configure:13540: result: yes
configure:13552: checking for GVC
configure:13559: $PKG_CONFIG --exists --print-errors "$gvc_deps"
configure:13562: $? = 0
configure:13576: $PKG_CONFIG --exists --print-errors "$gvc_deps"
configure:13579: $? = 0
configure:13637: result: yes
configure:13648: checking for MPD
configure:13665: $PKG_CONFIG --exists --print-errors "$gpm_deps
                  $gvc_deps
                  clutter-1.0
                  clutter-gtk-1.0
                  upower-glib
                  gconf-2.0
                  gio-2.0
                  libcanberra-gtk
                  libnotify
                  meego-panel >= 0.75.4
                  mx-1.0 >= 0.99.0"
configure:13678: $? = 0
configure:13712: $PKG_CONFIG --exists --print-errors "$gpm_deps
                  $gvc_deps
                  clutter-1.0
                  clutter-gtk-1.0
                  upower-glib
                  gconf-2.0
                  gio-2.0
                  libcanberra-gtk
                  libnotify
                  meego-panel >= 0.75.4
                  mx-1.0 >= 0.99.0"
configure:13725: $? = 0
configure:13823: result: yes
configure:13828: checking whether to install test tools
configure:13835: result: 
configure:13912: checking for ECK
configure:13919: $PKG_CONFIG --exists --print-errors "$eck_deps"
configure:13922: $? = 0
configure:13936: $PKG_CONFIG --exists --print-errors "$eck_deps"
configure:13939: $? = 0
configure:13997: result: yes
configure:14008: checking for MPI
configure:14022: $PKG_CONFIG --exists --print-errors "$eck_deps
                  clutter-1.0
                  clutter-gtk-1.0
                  upower-glib
                  gconf-2.0
                  libnotify
                  meego-panel >= 0.75.4
                  mx-1.0"
configure:14032: $? = 0
configure:14060: $PKG_CONFIG --exists --print-errors "$eck_deps
                  clutter-1.0
                  clutter-gtk-1.0
                  upower-glib
                  gconf-2.0
                  libnotify
                  meego-panel >= 0.75.4
                  mx-1.0"
configure:14070: $? = 0
configure:14156: result: yes
configure:14320: creating ./config.status

## ---------------------- ##
## Running config.status. ##
## ---------------------- ##

This file was extended by meego-panel-devices config.status 0.2.9, which was
generated by GNU Autoconf 2.69.  Invocation command line was

  CONFIG_FILES    = 
  CONFIG_HEADERS  = 
  CONFIG_LINKS    = 
  CONFIG_COMMANDS = 
  $ ./config.status 

on dev

config.status:1206: creating build/Makefile
config.status:1206: creating data/icons/Makefile
config.status:1206: creating data/Makefile
config.status:1206: creating data/meego-panel-devices.desktop.in
config.status:1206: creating data/meego-panel-devices.schemas
config.status:1206: creating data/com.meego.UX.Shell.Panels.devices.service
config.status:1206: creating data/theme/Makefile
config.status:1206: creating egg-console-kit/Makefile
config.status:1206: creating gpm/Makefile
config.status:1206: creating gvc/Makefile
config.status:1206: creating Makefile
config.status:1206: creating po/Makefile.in
config.status:1206: creating power-icon/data/Makefile
config.status:1206: creating power-icon/data/meego-power-icon.desktop.in
config.status:1206: creating power-icon/data/com.meego.UX.Shell.Panels.power.service
config.status:1206: creating power-icon/data/theme/Makefile
config.status:1206: creating power-icon/data/theme/power-icon.css
config.status:1206: creating power-icon/Makefile
config.status:1206: creating power-icon/src/Makefile
config.status:1206: creating power-icon/tests/Makefile
config.status:1206: creating src/Makefile
config.status:1206: creating tests/Makefile
config.status:1206: creating config.h
config.status:1435: executing depfiles commands
config.status:1435: executing default-1 commands
config.status:1435: executing libtool commands
config.status:1435: executing po/stamp-it commands

## ---------------- ##
## Cache variables. ##
## ---------------- ##

ac_cv_build=x86_64-unknown-linux-gnu
ac_cv_c_compiler_gnu=yes
ac_cv_c_int64_t=yes
ac_cv_env_CC_set=
ac_cv_env_CC_value=
ac_cv_env_CFLAGS_set=
ac_cv_env_CFLAGS_value=
ac_cv_env_CPPFLAGS_set=
ac_cv_env_CPPFLAGS_value=
ac_cv_env_CPP_set=
ac_cv_env_CPP_value=
ac_cv_env_ECK_CFLAGS_set=
ac_cv_env_ECK_CFLAGS_value=
ac_cv_env_ECK_LIBS_set=
ac_cv_env_ECK_LIBS_value=
ac_cv_env_GPM_CFLAGS_set=
ac_cv_env_GPM_CFLAGS_value=
ac_cv_env_GPM_LIBS_set=
ac_cv_env_GPM_LIBS_value=
ac_cv_env_GVC_CFLAGS_set=
ac_cv_env_GVC_CFLAGS_value=
ac_cv_env_GVC_LIBS_set=
ac_cv_env_GVC_LIBS_value=
ac_cv_env_LDFLAGS_set=
ac_cv_env_LDFLAGS_value=
ac_cv_env_LIBS_set=
ac_cv_env_LIBS_value=
ac_cv_env_MPD_CFLAGS_set=
ac_cv_env_MPD_CFLAGS_value=
ac_cv_env_MPD_LIBS_set=
ac_cv_env_MPD_LIBS_value=
ac_cv_env_MPI_CFLAGS_set=
ac_cv_env_MPI_CFLAGS_value=
ac_cv_env_MPI_LIBS_set=
ac_cv_env_MPI_LIBS_value=
ac_cv_env_PKG_CONFIG_LIBDIR_set=
ac_cv_env_PKG_CONFIG_LIBDIR_value=
ac_cv_env_PKG_CONFIG_PATH_set=
ac_cv_env_PKG_CONFIG_PATH_value=
ac_cv_env_PKG_CONFIG_set=
ac_cv_env_PKG_CONFIG_value=
ac_cv_env_build_alias_set=
ac_cv_env_build_alias_value=
ac_cv_env_host_alias_set=
ac_cv_env_host_alias_value=
ac_cv_env_target_alias_set=
ac_cv_env_target_alias_value=
ac_cv_func_bind_textdomain_codeset=yes
ac_cv_func_dcgettext=yes
ac_cv_header_dlfcn_h=yes
ac_cv_header_errno_h=yes
ac_cv_header_execinfo_h=yes
ac_cv_header_fcntl_h=yes
ac_cv_header_inttypes_h=yes
ac_cv_header_libintl_h=yes
ac_cv_header_locale_h=yes
ac_cv_header_memory_h=yes
ac_cv_header_signal_h=yes
ac_cv_header_stdarg_h=yes
ac_cv_header_stdbool_h=yes
ac_cv_header_stdc=yes
ac_cv_header_stdint_h=yes
ac_cv_header_stdio_h=yes
ac_cv_header_stdlib_h=yes
ac_cv_header_string_h=yes
ac_cv_header_strings_h=yes
ac_cv_header_sys_ioctl_h=yes
ac_cv_header_sys_stat_h=yes
ac_cv_header_sys_statvfs_h=yes
ac_cv_header_sys_types_h=yes
ac_cv_header_time_h=yes
ac_cv_header_unistd_h=yes
ac_cv_host=x86_64-unknown-linux-gnu
ac_cv_objext=o
ac_cv_path_EGREP='/bin/grep -E'
ac_cv_path_FGREP='/bin/grep -F'
ac_cv_path_GMSGFMT=/usr/bin/gmsgfmt
ac_cv_path_GREP=/bin/grep
ac_cv_path_INTLTOOL_EXTRACT=/usr/bin/intltool-extract
ac_cv_path_INTLTOOL_MERGE=/usr/bin/intltool-merge
ac_cv_path_INTLTOOL_PERL=/usr/bin/perl
ac_cv_path_INTLTOOL_UPDATE=/usr/bin/intltool-update
ac_cv_path_MSGFMT=/usr/bin/msgfmt
ac_cv_path_MSGMERGE=/usr/bin/msgmerge
ac_cv_path_SED=/bin/sed
ac_cv_path_XGETTEXT=/usr/bin/xgettext
ac_cv_path_ac_pt_PKG_CONFIG=/usr/bin/pkg-config
ac_cv_path_install='/usr/bin/install -c'
ac_cv_path_mkdir=/bin/mkdir
ac_cv_prog_AWK=gawk
ac_cv_prog_CPP='gcc -E'
ac_cv_prog_ac_ct_AR=ar
ac_cv_prog_ac_ct_CC=gcc
ac_cv_prog_ac_ct_OBJDUMP=objdump
ac_cv_prog_ac_ct_RANLIB=ranlib
ac_cv_prog_ac_ct_STRIP=strip
ac_cv_prog_cc_c89=
ac_cv_prog_cc_c99=-std=gnu99
ac_cv_prog_cc_g=yes
ac_cv_prog_cc_gcc_c_o=yes
ac_cv_prog_cc_stdc=-std=gnu99
ac_cv_prog_make_make_set=yes
am_cv_CC_dependencies_compiler_type=gcc3
am_cv_make_support_nested_variables=yes
am_cv_val_LC_MESSAGES=yes
gt_cv_func_dgettext_libc=yes
gt_cv_func_dgettext_libintl=no
gt_cv_func_ngettext_libc=yes
gt_cv_have_gettext=yes
lt_cv_archive_cmds_need_lc=no
lt_cv_deplibs_check_method=pass_all
lt_cv_file_magic_cmd='$MAGIC_CMD'
lt_cv_file_magic_test_file=
lt_cv_ld_reload_flag=-r
lt_cv_nm_interface='BSD nm'
lt_cv_objdir=.libs
lt_cv_path_LD=/usr/x86_64-pc-linux-gnu/bin/ld
lt_cv_path_NM='/usr/bin/nm -B'
lt_cv_prog_compiler_c_o=yes
lt_cv_prog_compiler_pic_works=yes
lt_cv_prog_compiler_rtti_exceptions=no
lt_cv_prog_compiler_static_works=yes
lt_cv_prog_gnu_ld=yes
lt_cv_shlibpath_overrides_runpath=yes
lt_cv_sys_global_symbol_pipe='sed -n -e '\''s/^.*[	 ]\([ABCDGIRSTW][ABCDGIRSTW]*\)[	 ][	 ]*\([_A-Za-z][_A-Za-z0-9]*\)$/\1 \2 \2/p'\'''
lt_cv_sys_global_symbol_to_c_name_address='sed -n -e '\''s/^: \([^ ]*\) $/  {\"\1\", (void *) 0},/p'\'' -e '\''s/^[ABCDGIRSTW]* \([^ ]*\) \([^ ]*\)$/  {"\2", (void *) \&\2},/p'\'''
lt_cv_sys_global_symbol_to_c_name_address_lib_prefix='sed -n -e '\''s/^: \([^ ]*\) $/  {\"\1\", (void *) 0},/p'\'' -e '\''s/^[ABCDGIRSTW]* \([^ ]*\) \(lib[^ ]*\)$/  {"\2", (void *) \&\2},/p'\'' -e '\''s/^[ABCDGIRSTW]* \([^ ]*\) \([^ ]*\)$/  {"lib\2", (void *) \&\2},/p'\'''
lt_cv_sys_global_symbol_to_cdecl='sed -n -e '\''s/^T .* \(.*\)$/extern int \1();/p'\'' -e '\''s/^[ABCDGIRSTW]* .* \(.*\)$/extern char \1;/p'\'''
lt_cv_sys_max_cmd_len=1572864
pkg_cv_ECK_CFLAGS='-I/usr/include/dbus-1.0 -I/usr/lib64/dbus-1.0/include -I/usr/include/glib-2.0 -I/usr/lib64/glib-2.0/include '
pkg_cv_ECK_LIBS='-ldbus-glib-1 -ldbus-1 -lgobject-2.0 -lglib-2.0 '
pkg_cv_GPM_CFLAGS='-pthread -D_REENTRANT -I/usr/include/gtk-3.0 -I/usr/include/gio-unix-2.0/ -I/usr/include/cairo -I/usr/include/pango-1.0 -I/usr/include/harfbuzz -I/usr/include/pango-1.0 -I/usr/include/gdk-pixbuf-2.0 -I/usr/include/cairo -I/usr/include/pixman-1 -I/usr/include/freetype2 -I/usr/include/directfb -I/usr/include/libdrm -I/usr/include/libpng15 -I/usr/include/glib-2.0 -I/usr/lib64/glib-2.0/include '
pkg_cv_GPM_LIBS='-lgdk-3 -lpangocairo-1.0 -lpango-1.0 -lgdk_pixbuf-2.0 -lcairo-gobject -lcairo -lgobject-2.0 -lglib-2.0 -lXrandr -lXext '
pkg_cv_GVC_CFLAGS='-D_REENTRANT -I/usr/include/glib-2.0 -I/usr/lib64/glib-2.0/include '
pkg_cv_GVC_LIBS='-lpulse-mainloop-glib -lpulse -lglib-2.0 '
pkg_cv_MPD_CFLAGS='-D_REENTRANT -pthread -D_REENTRANT -pthread -D_REENTRANT -I/usr/include/clutter-gtk-1.0 -I/usr/include/libupower-glib -I/usr/include/gconf/2 -I/usr/include/gtk-2.0 -I/usr/lib64/gtk-2.0/include -I/usr/include/gtk-2.0 -I/usr/lib64/gtk-2.0/include -I/usr/include/libmeego-panel -I/usr/include/dbus-1.0 -I/usr/lib64/dbus-1.0/include -I/usr/include/gtk-3.0 -I/usr/include/at-spi2-atk/2.0 -I/usr/include/mx-1.0 -I/usr/include/clutter-1.0 -I/usr/include/atk-1.0 -I/usr/include/cogl -I/usr/include/json-glib-1.0 -I/usr/include/gtk-3.0 -I/usr/include/gio-unix-2.0/ -I/usr/include/cairo -I/usr/include/pango-1.0 -I/usr/include/harfbuzz -I/usr/include/pango-1.0 -I/usr/include/gdk-pixbuf-2.0 -I/usr/include/cairo -I/usr/include/pixman-1 -I/usr/include/freetype2 -I/usr/include/directfb -I/usr/include/libdrm -I/usr/include/libpng15 -I/usr/include/glib-2.0 -I/usr/lib64/glib-2.0/include '
pkg_cv_MPD_LIBS='-L/usr/lib -lpulse-mainloop-glib -lpulse -lclutter-gtk-1.0 -lupower-glib -lgconf-2 -lcanberra-gtk -lX11 -lcanberra -lgdk-x11-2.0 -lgtk-x11-2.0 -lgdk-x11-2.0 -lpangoft2-1.0 -lfreetype -lfontconfig -lnotify -lmeego-panel -ldbus-glib-1 -ldbus-1 -lgtk-3 -lgio-2.0 -lmx-1.0 -lclutter-1.0 -latk-1.0 -lcogl-pango -lcogl -lgmodule-2.0 -pthread -lrt -lXrandr -ljson-glib-1.0 -lgio-2.0 -lgdk-3 -lpangocairo-1.0 -lpango-1.0 -lgdk_pixbuf-2.0 -lcairo-gobject -lcairo -lgobject-2.0 -lglib-2.0 -lX11 -lXext -lXdamage -lXfixes -lXcomposite -lXi '
pkg_cv_MPI_CFLAGS='-pthread -D_REENTRANT -I/usr/include/clutter-gtk-1.0 -I/usr/include/libupower-glib -I/usr/include/gconf/2 -I/usr/include/libmeego-panel -I/usr/include/dbus-1.0 -I/usr/lib64/dbus-1.0/include -I/usr/include/gtk-3.0 -I/usr/include/at-spi2-atk/2.0 -I/usr/include/mx-1.0 -I/usr/include/clutter-1.0 -I/usr/include/atk-1.0 -I/usr/include/cogl -I/usr/include/json-glib-1.0 -I/usr/include/gtk-3.0 -I/usr/include/gio-unix-2.0/ -I/usr/include/cairo -I/usr/include/pango-1.0 -I/usr/include/harfbuzz -I/usr/include/pango-1.0 -I/usr/include/gdk-pixbuf-2.0 -I/usr/include/cairo -I/usr/include/pixman-1 -I/usr/include/freetype2 -I/usr/include/directfb -I/usr/include/libdrm -I/usr/include/libpng15 -I/usr/include/glib-2.0 -I/usr/lib64/glib-2.0/include '
pkg_cv_MPI_LIBS='-L/usr/lib -lclutter-gtk-1.0 -lupower-glib -lgconf-2 -lnotify -lmeego-panel -ldbus-glib-1 -ldbus-1 -lgtk-3 -lgio-2.0 -lmx-1.0 -lclutter-1.0 -latk-1.0 -lcogl-pango -lcogl -lgmodule-2.0 -pthread -lrt -lXrandr -ljson-glib-1.0 -lgio-2.0 -lgdk-3 -lpangocairo-1.0 -lpango-1.0 -lgdk_pixbuf-2.0 -lcairo-gobject -lcairo -lgobject-2.0 -lglib-2.0 -lX11 -lXext -lXdamage -lXfixes -lXcomposite -lXi '

## ----------------- ##
## Output variables. ##
## ----------------- ##

ACLOCAL='${SHELL} /mnt/work/1C/meego-panel-devices-0.2.9/build/missing --run aclocal-1.11'
ALL_LINGUAS='ar ast ca ca@valencia cs da de en_GB es fa fi fr gl hu id it ja ko nl pa pl pt pt_BR ru sk sv tr wa zh_CN zh_TW '
AMDEPBACKSLASH='\'
AMDEP_FALSE='#'
AMDEP_TRUE=''
AMTAR='$${TAR-tar}'
AM_BACKSLASH='\'
AM_DEFAULT_V='$(AM_DEFAULT_VERBOSITY)'
AM_DEFAULT_VERBOSITY='1'
AM_V='$(V)'
AR='ar'
AUTOCONF='${SHELL} /mnt/work/1C/meego-panel-devices-0.2.9/build/missing --run autoconf'
AUTOHEADER='${SHELL} /mnt/work/1C/meego-panel-devices-0.2.9/build/missing --run autoheader'
AUTOMAKE='${SHELL} /mnt/work/1C/meego-panel-devices-0.2.9/build/missing --run automake-1.11'
AWK='gawk'
CATALOGS=''
CATOBJEXT='.gmo'
CC='gcc -std=gnu99'
CCDEPMODE='depmode=gcc3'
CFLAGS='-g -O2'
CPP='gcc -E'
CPPFLAGS=''
CYGPATH_W='echo'
DATADIRNAME='share'
DEFS='-DHAVE_CONFIG_H'
DEPDIR='.deps'
DSYMUTIL=''
DUMPBIN=''
ECHO_C=''
ECHO_N='-n'
ECHO_T=''
ECK_CFLAGS='-I/usr/include/dbus-1.0 -I/usr/lib64/dbus-1.0/include -I/usr/include/glib-2.0 -I/usr/lib64/glib-2.0/include '
ECK_LIBS='-ldbus-glib-1 -ldbus-1 -lgobject-2.0 -lglib-2.0 '
EGREP='/bin/grep -E'
ENABLE_CACHE_FALSE=''
ENABLE_CACHE_TRUE='#'
EXEEXT=''
FGREP='/bin/grep -F'
GCONF_SCHEMAS_INSTALL_FALSE='#'
GCONF_SCHEMAS_INSTALL_TRUE=''
GCONF_SCHEMA_CONFIG_SOURCE='xml:merged:/etc/gconf/gconf.xml.defaults'
GCONF_SCHEMA_FILE_DIR='$(sysconfdir)/gconf/schemas'
GETTEXT_PACKAGE='meego-panel-devices'
GMOFILES=''
GMSGFMT='/usr/bin/gmsgfmt'
GPM_CFLAGS='-pthread -D_REENTRANT -I/usr/include/gtk-3.0 -I/usr/include/gio-unix-2.0/ -I/usr/include/cairo -I/usr/include/pango-1.0 -I/usr/include/harfbuzz -I/usr/include/pango-1.0 -I/usr/include/gdk-pixbuf-2.0 -I/usr/include/cairo -I/usr/include/pixman-1 -I/usr/include/freetype2 -I/usr/include/directfb -I/usr/include/libdrm -I/usr/include/libpng15 -I/usr/include/glib-2.0 -I/usr/lib64/glib-2.0/include '
GPM_LIBS='-lgdk-3 -lpangocairo-1.0 -lpango-1.0 -lgdk_pixbuf-2.0 -lcairo-gobject -lcairo -lgobject-2.0 -lglib-2.0 -lXrandr -lXext '
GREP='/bin/grep'
GVC_CFLAGS='-D_REENTRANT -I/usr/include/glib-2.0 -I/usr/lib64/glib-2.0/include '
GVC_LIBS='-lpulse-mainloop-glib -lpulse -lglib-2.0 '
INSTALL_DATA='${INSTALL} -m 644'
INSTALL_PROGRAM='${INSTALL}'
INSTALL_SCRIPT='${INSTALL}'
INSTALL_STRIP_PROGRAM='$(install_sh) -c -s'
INSTALL_TEST_TOOLS_FALSE=''
INSTALL_TEST_TOOLS_TRUE='#'
INSTOBJEXT='.mo'
INTLLIBS=''
INTLTOOL_CAVES_RULE='%.caves:     %.caves.in     $(INTLTOOL_MERGE) $(wildcard $(top_srcdir)/po/*.po) ; LC_ALL=C $(INTLTOOL_MERGE) -d -u -c $(top_builddir)/po/.intltool-merge-cache $(top_srcdir)/po $< $@'
INTLTOOL_DESKTOP_RULE='%.desktop:   %.desktop.in   $(INTLTOOL_MERGE) $(wildcard $(top_srcdir)/po/*.po) ; LC_ALL=C $(INTLTOOL_MERGE) -d -u -c $(top_builddir)/po/.intltool-merge-cache $(top_srcdir)/po $< $@'
INTLTOOL_DIRECTORY_RULE='%.directory: %.directory.in $(INTLTOOL_MERGE) $(wildcard $(top_srcdir)/po/*.po) ; LC_ALL=C $(INTLTOOL_MERGE) -d -u -c $(top_builddir)/po/.intltool-merge-cache $(top_srcdir)/po $< $@'
INTLTOOL_EXTRACT='/usr/bin/intltool-extract'
INTLTOOL_KBD_RULE='%.kbd:       %.kbd.in       $(INTLTOOL_MERGE) $(wildcard $(top_srcdir)/po/*.po) ; LC_ALL=C $(INTLTOOL_MERGE) -x -u -m -c $(top_builddir)/po/.intltool-merge-cache $(top_srcdir)/po $< $@'
INTLTOOL_KEYS_RULE='%.keys:      %.keys.in      $(INTLTOOL_MERGE) $(wildcard $(top_srcdir)/po/*.po) ; LC_ALL=C $(INTLTOOL_MERGE) -k -u -c $(top_builddir)/po/.intltool-merge-cache $(top_srcdir)/po $< $@'
INTLTOOL_MERGE='/usr/bin/intltool-merge'
INTLTOOL_OAF_RULE='%.oaf:       %.oaf.in       $(INTLTOOL_MERGE) $(wildcard $(top_srcdir)/po/*.po) ; LC_ALL=C $(INTLTOOL_MERGE) -o -p $(top_srcdir)/po $< $@'
INTLTOOL_PERL='/usr/bin/perl'
INTLTOOL_POLICY_RULE='%.policy:    %.policy.in    $(INTLTOOL_MERGE) $(wildcard $(top_srcdir)/po/*.po) ; LC_ALL=C $(INTLTOOL_MERGE) -x -u -c $(top_builddir)/po/.intltool-merge-cache $(top_srcdir)/po $< $@'
INTLTOOL_PONG_RULE='%.pong:      %.pong.in      $(INTLTOOL_MERGE) $(wildcard $(top_srcdir)/po/*.po) ; LC_ALL=C $(INTLTOOL_MERGE) -x -u -c $(top_builddir)/po/.intltool-merge-cache $(top_srcdir)/po $< $@'
INTLTOOL_PROP_RULE='%.prop:      %.prop.in      $(INTLTOOL_MERGE) $(wildcard $(top_srcdir)/po/*.po) ; LC_ALL=C $(INTLTOOL_MERGE) -d -u -c $(top_builddir)/po/.intltool-merge-cache $(top_srcdir)/po $< $@'
INTLTOOL_SCHEMAS_RULE='%.schemas:   %.schemas.in   $(INTLTOOL_MERGE) $(wildcard $(top_srcdir)/po/*.po) ; LC_ALL=C $(INTLTOOL_MERGE) -s -u -c $(top_builddir)/po/.intltool-merge-cache $(top_srcdir)/po $< $@'
INTLTOOL_SERVER_RULE='%.server:    %.server.in    $(INTLTOOL_MERGE) $(wildcard $(top_srcdir)/po/*.po) ; LC_ALL=C $(INTLTOOL_MERGE) -o -u -c $(top_builddir)/po/.intltool-merge-cache $(top_srcdir)/po $< $@'
INTLTOOL_SERVICE_RULE='%.service: %.service.in   $(INTLTOOL_MERGE) $(wildcard $(top_srcdir)/po/*.po) ; LC_ALL=C $(INTLTOOL_MERGE) -d -u -c $(top_builddir)/po/.intltool-merge-cache $(top_srcdir)/po $< $@'
INTLTOOL_SHEET_RULE='%.sheet:     %.sheet.in     $(INTLTOOL_MERGE) $(wildcard $(top_srcdir)/po/*.po) ; LC_ALL=C $(INTLTOOL_MERGE) -x -u -c $(top_builddir)/po/.intltool-merge-cache $(top_srcdir)/po $< $@'
INTLTOOL_SOUNDLIST_RULE='%.soundlist: %.soundlist.in $(INTLTOOL_MERGE) $(wildcard $(top_srcdir)/po/*.po) ; LC_ALL=C $(INTLTOOL_MERGE) -d -u -c $(top_builddir)/po/.intltool-merge-cache $(top_srcdir)/po $< $@'
INTLTOOL_THEME_RULE='%.theme:     %.theme.in     $(INTLTOOL_MERGE) $(wildcard $(top_srcdir)/po/*.po) ; LC_ALL=C $(INTLTOOL_MERGE) -d -u -c $(top_builddir)/po/.intltool-merge-cache $(top_srcdir)/po $< $@'
INTLTOOL_UI_RULE='%.ui:        %.ui.in        $(INTLTOOL_MERGE) $(wildcard $(top_srcdir)/po/*.po) ; LC_ALL=C $(INTLTOOL_MERGE) -x -u -c $(top_builddir)/po/.intltool-merge-cache $(top_srcdir)/po $< $@'
INTLTOOL_UPDATE='/usr/bin/intltool-update'
INTLTOOL_XAM_RULE='%.xam:       %.xml.in       $(INTLTOOL_MERGE) $(wildcard $(top_srcdir)/po/*.po) ; LC_ALL=C $(INTLTOOL_MERGE) -x -u -c $(top_builddir)/po/.intltool-merge-cache $(top_srcdir)/po $< $@'
INTLTOOL_XML_NOMERGE_RULE='%.xml:       %.xml.in       $(INTLTOOL_MERGE) ; LC_ALL=C $(INTLTOOL_MERGE) -x -u /tmp $< $@'
INTLTOOL_XML_RULE='%.xml:       %.xml.in       $(INTLTOOL_MERGE) $(wildcard $(top_srcdir)/po/*.po) ; LC_ALL=C $(INTLTOOL_MERGE) -x -u -c $(top_builddir)/po/.intltool-merge-cache $(top_srcdir)/po $< $@'
LD='/usr/x86_64-pc-linux-gnu/bin/ld -m elf_x86_64'
LDFLAGS=''
LIBEXECDIR='/usr/local/libexec'
LIBOBJS=''
LIBS=''
LIBTOOL='$(SHELL) $(top_builddir)/libtool'
LIPO=''
LN_S='ln -s'
LTLIBOBJS=''
MAKEINFO='${SHELL} /mnt/work/1C/meego-panel-devices-0.2.9/build/missing --run makeinfo'
MEEGO_PANELS_DIR='/usr/share/mutter-netbook/panels'
MKDIR_P='/bin/mkdir -p'
MKINSTALLDIRS='build/mkinstalldirs'
MPD_CFLAGS='-D_REENTRANT -pthread -D_REENTRANT -pthread -D_REENTRANT -I/usr/include/clutter-gtk-1.0 -I/usr/include/libupower-glib -I/usr/include/gconf/2 -I/usr/include/gtk-2.0 -I/usr/lib64/gtk-2.0/include -I/usr/include/gtk-2.0 -I/usr/lib64/gtk-2.0/include -I/usr/include/libmeego-panel -I/usr/include/dbus-1.0 -I/usr/lib64/dbus-1.0/include -I/usr/include/gtk-3.0 -I/usr/include/at-spi2-atk/2.0 -I/usr/include/mx-1.0 -I/usr/include/clutter-1.0 -I/usr/include/atk-1.0 -I/usr/include/cogl -I/usr/include/json-glib-1.0 -I/usr/include/gtk-3.0 -I/usr/include/gio-unix-2.0/ -I/usr/include/cairo -I/usr/include/pango-1.0 -I/usr/include/harfbuzz -I/usr/include/pango-1.0 -I/usr/include/gdk-pixbuf-2.0 -I/usr/include/cairo -I/usr/include/pixman-1 -I/usr/include/freetype2 -I/usr/include/directfb -I/usr/include/libdrm -I/usr/include/libpng15 -I/usr/include/glib-2.0 -I/usr/lib64/glib-2.0/include '
MPD_LIBS='-L/usr/lib -lpulse-mainloop-glib -lpulse -lclutter-gtk-1.0 -lupower-glib -lgconf-2 -lcanberra-gtk -lX11 -lcanberra -lgdk-x11-2.0 -lgtk-x11-2.0 -lgdk-x11-2.0 -lpangoft2-1.0 -lfreetype -lfontconfig -lnotify -lmeego-panel -ldbus-glib-1 -ldbus-1 -lgtk-3 -lgio-2.0 -lmx-1.0 -lclutter-1.0 -latk-1.0 -lcogl-pango -lcogl -lgmodule-2.0 -pthread -lrt -lXrandr -ljson-glib-1.0 -lgio-2.0 -lgdk-3 -lpangocairo-1.0 -lpango-1.0 -lgdk_pixbuf-2.0 -lcairo-gobject -lcairo -lgobject-2.0 -lglib-2.0 -lX11 -lXext -lXdamage -lXfixes -lXcomposite -lXi '
MPI_CFLAGS='-pthread -D_REENTRANT -I/usr/include/clutter-gtk-1.0 -I/usr/include/libupower-glib -I/usr/include/gconf/2 -I/usr/include/libmeego-panel -I/usr/include/dbus-1.0 -I/usr/lib64/dbus-1.0/include -I/usr/include/gtk-3.0 -I/usr/include/at-spi2-atk/2.0 -I/usr/include/mx-1.0 -I/usr/include/clutter-1.0 -I/usr/include/atk-1.0 -I/usr/include/cogl -I/usr/include/json-glib-1.0 -I/usr/include/gtk-3.0 -I/usr/include/gio-unix-2.0/ -I/usr/include/cairo -I/usr/include/pango-1.0 -I/usr/include/harfbuzz -I/usr/include/pango-1.0 -I/usr/include/gdk-pixbuf-2.0 -I/usr/include/cairo -I/usr/include/pixman-1 -I/usr/include/freetype2 -I/usr/include/directfb -I/usr/include/libdrm -I/usr/include/libpng15 -I/usr/include/glib-2.0 -I/usr/lib64/glib-2.0/include '
MPI_LIBS='-L/usr/lib -lclutter-gtk-1.0 -lupower-glib -lgconf-2 -lnotify -lmeego-panel -ldbus-glib-1 -ldbus-1 -lgtk-3 -lgio-2.0 -lmx-1.0 -lclutter-1.0 -latk-1.0 -lcogl-pango -lcogl -lgmodule-2.0 -pthread -lrt -lXrandr -ljson-glib-1.0 -lgio-2.0 -lgdk-3 -lpangocairo-1.0 -lpango-1.0 -lgdk_pixbuf-2.0 -lcairo-gobject -lcairo -lgobject-2.0 -lglib-2.0 -lX11 -lXext -lXdamage -lXfixes -lXcomposite -lXi '
MSGFMT='/usr/bin/msgfmt'
MSGFMT_OPTS='-c'
MSGMERGE='/usr/bin/msgmerge'
MX_CREATE_IMAGE_CACHE=''
NM='/usr/bin/nm -B'
NMEDIT=''
OBJDUMP='objdump'
OBJEXT='o'
OTOOL64=''
OTOOL=''
PACKAGE='meego-panel-devices'
PACKAGE_BUGREPORT='http://bugzilla.meego.org'
PACKAGE_NAME='meego-panel-devices'
PACKAGE_STRING='meego-panel-devices 0.2.9'
PACKAGE_TARNAME='meego-panel-devices'
PACKAGE_URL=''
PACKAGE_VERSION='0.2.9'
PATH_SEPARATOR=':'
PKGTHEMEDIR='/usr/local/share/meego-panel-devices/theme'
PKG_CONFIG='/usr/bin/pkg-config'
PKG_CONFIG_LIBDIR=''
PKG_CONFIG_PATH=''
POFILES=''
POSUB='po'
PO_IN_DATADIR_FALSE=''
PO_IN_DATADIR_TRUE=''
RANLIB='ranlib'
SED='/bin/sed'
SET_MAKE=''
SHELL='/bin/sh'
STRIP='strip'
USE_NLS='yes'
VERSION='0.2.9'
XGETTEXT='/usr/bin/xgettext'
ac_ct_CC='gcc'
ac_ct_DUMPBIN=''
am__EXEEXT_FALSE=''
am__EXEEXT_TRUE='#'
am__fastdepCC_FALSE='#'
am__fastdepCC_TRUE=''
am__include='include'
am__isrc=''
am__leading_dot='.'
am__nodep='_no'
am__quote=''
am__tar='$${TAR-tar} chof - "$$tardir"'
am__untar='$${TAR-tar} xf -'
bindir='${exec_prefix}/bin'
build='x86_64-unknown-linux-gnu'
build_alias=''
build_cpu='x86_64'
build_os='linux-gnu'
build_vendor='unknown'
datadir='${datarootdir}'
datarootdir='${prefix}/share'
docdir='${datarootdir}/doc/${PACKAGE_TARNAME}'
dvidir='${docdir}'
exec_prefix='${prefix}'
host='x86_64-unknown-linux-gnu'
host_alias=''
host_cpu='x86_64'
host_os='linux-gnu'
host_vendor='unknown'
htmldir='${docdir}'
includedir='${prefix}/include'
infodir='${datarootdir}/info'
install_sh='${SHELL} /mnt/work/1C/meego-panel-devices-0.2.9/build/install-sh'
libdir='${exec_prefix}/lib'
libexecdir='${exec_prefix}/libexec'
localedir='${prefix}/${DATADIRNAME}/locale'
localstatedir='${prefix}/var'
mandir='${datarootdir}/man'
mkdir_p='/bin/mkdir -p'
oldincludedir='/usr/include'
pdfdir='${docdir}'
prefix='/usr/local'
program_transform_name='s,x,x,'
psdir='${docdir}'
sbindir='${exec_prefix}/sbin'
sharedstatedir='${prefix}/com'
sysconfdir='${prefix}/etc'
target_alias=''

## ----------- ##
## confdefs.h. ##
## ----------- ##

/* confdefs.h */
#define PACKAGE_NAME "meego-panel-devices"
#define PACKAGE_TARNAME "meego-panel-devices"
#define PACKAGE_VERSION "0.2.9"
#define PACKAGE_STRING "meego-panel-devices 0.2.9"
#define PACKAGE_BUGREPORT "http://bugzilla.meego.org"
#define PACKAGE_URL ""
#define GETTEXT_PACKAGE "meego-panel-devices"
#define STDC_HEADERS 1
#define HAVE_SYS_TYPES_H 1
#define HAVE_SYS_STAT_H 1
#define HAVE_STDLIB_H 1
#define HAVE_STRING_H 1
#define HAVE_MEMORY_H 1
#define HAVE_STRINGS_H 1
#define HAVE_INTTYPES_H 1
#define HAVE_STDINT_H 1
#define HAVE_UNISTD_H 1
#define HAVE_LOCALE_H 1
#define HAVE_LC_MESSAGES 1
#define HAVE_BIND_TEXTDOMAIN_CODESET 1
#define HAVE_GETTEXT 1
#define HAVE_DCGETTEXT 1
#define ENABLE_NLS 1
#define HAVE_DLFCN_H 1
#define LT_OBJDIR ".libs/"
#define HAVE_ERRNO_H 1
#define HAVE_EXECINFO_H 1
#define HAVE_FCNTL_H 1
#define HAVE_SIGNAL_H 1
#define HAVE_STDARG_H 1
#define HAVE_STDBOOL_H 1
#define HAVE_STDIO_H 1
#define HAVE_SYS_IOCTL_H 1
#define HAVE_SYS_STATVFS_H 1
#define HAVE_TIME_H 1

configure: exit 0

## ---------------------- ##
## Running config.status. ##
## ---------------------- ##

This file was extended by meego-panel-devices config.status 0.2.9, which was
generated by GNU Autoconf 2.69.  Invocation command line was

  CONFIG_FILES    = 
  CONFIG_HEADERS  = 
  CONFIG_LINKS    = 
  CONFIG_COMMANDS = 
  $ ./config.status config.h

on dev

config.status:1206: creating config.h
config.status:1387: config.h is unchanged
